DroidOSLauncher/app/build/outputs/mapping/playRelease/seeds.txt
com.katsuyamaki.DroidOSLauncher.FloatingLauncherService
com.katsuyamaki.DroidOSLauncher.PermissionActivity
com.katsuyamaki.DroidOSLauncher.MainActivity
com.katsuyamaki.DroidOSLauncher.MenuActivity
com.katsuyamaki.DroidOSLauncher.FeatureUnlockPurchaseActivity
com.katsuyamaki.DroidOSLauncher.IconPickerActivity
com.katsuyamaki.DroidOSLauncher.ShellUserService
com.katsuyamaki.DroidOSLauncher.SplitActivity
com.katsuyamaki.DroidOSLauncher.IShellService
com.katsuyamaki.DroidOSLauncher.ShellUserService: int cachedDisplayId
com.katsuyamaki.DroidOSLauncher.IShellService: java.lang.String DESCRIPTOR
com.katsuyamaki.DroidOSLauncher.IShellService$Stub: int TRANSACTION_setBrightnessViaDisplayManager
com.katsuyamaki.DroidOSLauncher.ShellUserService: java.util.List cachedVisibleComponents
com.katsuyamaki.DroidOSLauncher.ShellUserService: long GEMINI_CACHE_VALIDITY_MS
com.katsuyamaki.DroidOSLauncher.ShellUserService: long cachedGeminiTaskTime
com.katsuyamaki.DroidOSLauncher.IShellService$Stub: int TRANSACTION_moveTaskToDisplay
com.katsuyamaki.DroidOSLauncher.ShellUserService: java.lang.Object shLock
com.katsuyamaki.DroidOSLauncher.IShellService$Stub: int TRANSACTION_setBrightness
com.katsuyamaki.DroidOSLauncher.ShellUserService: int POWER_MODE_OFF
com.katsuyamaki.DroidOSLauncher.IShellService$Stub: int TRANSACTION_setAutoBrightness
com.katsuyamaki.DroidOSLauncher.IShellService$Stub: int TRANSACTION_moveTaskToBack
com.katsuyamaki.DroidOSLauncher.IShellService$Stub: int TRANSACTION_getAllRunningPackages
com.katsuyamaki.DroidOSLauncher.IShellService$Stub: int TRANSACTION_isTaskFreeform
com.katsuyamaki.DroidOSLauncher.IShellService$Stub: int TRANSACTION_isAutoBrightness
com.katsuyamaki.DroidOSLauncher.IShellService$Stub: int TRANSACTION_getTaskId
com.katsuyamaki.DroidOSLauncher.ShellUserService: long lastVisibleCacheTime
com.katsuyamaki.DroidOSLauncher.IShellService$Stub: int TRANSACTION_getSystemBrightness
com.katsuyamaki.DroidOSLauncher.IShellService$Stub: int TRANSACTION_setFocusedTask
com.katsuyamaki.DroidOSLauncher.IShellService$Stub: int TRANSACTION_injectKey
com.katsuyamaki.DroidOSLauncher.IShellService$Stub: int TRANSACTION_restoreMinimizedTask
com.katsuyamaki.DroidOSLauncher.ShellUserService: java.lang.Process _shProcess
com.katsuyamaki.DroidOSLauncher.IShellService$Stub: int TRANSACTION_repositionTask
com.katsuyamaki.DroidOSLauncher.IShellService$Stub: int TRANSACTION_getSystemBrightnessFloat
com.katsuyamaki.DroidOSLauncher.ShellUserService: kotlin.Lazy surfaceControlClass$delegate
com.katsuyamaki.DroidOSLauncher.IShellService$Stub: int TRANSACTION_runCommand
com.katsuyamaki.DroidOSLauncher.ShellUserService: long VISIBLE_CACHE_TTL
com.katsuyamaki.DroidOSLauncher.IShellService$Stub: int TRANSACTION_dumpMultiTaskingMethods
com.katsuyamaki.DroidOSLauncher.IShellService$Stub: int TRANSACTION_setSystemBrightness
com.katsuyamaki.DroidOSLauncher.IShellService$Stub: int TRANSACTION_forceStop
com.katsuyamaki.DroidOSLauncher.ShellUserService: com.katsuyamaki.DroidOSLauncher.ShellUserService$Companion Companion
com.katsuyamaki.DroidOSLauncher.IShellService$Stub: int TRANSACTION_batchResizeComponents
com.katsuyamaki.DroidOSLauncher.IShellService$Stub: int TRANSACTION_getTaskDebugSnapshot
com.katsuyamaki.DroidOSLauncher.ShellUserService: int cachedGeminiTaskId
com.katsuyamaki.DroidOSLauncher.IShellService$Stub: int TRANSACTION_getVisibleTaskComponents
com.katsuyamaki.DroidOSLauncher.ShellUserService: int POWER_MODE_NORMAL
com.katsuyamaki.DroidOSLauncher.IShellService$Stub: int TRANSACTION_batchResize
com.katsuyamaki.DroidOSLauncher.IShellService$Stub: int TRANSACTION_getVisibleComponents
com.katsuyamaki.DroidOSLauncher.IShellService$Stub: int TRANSACTION_moveTaskToFront
com.katsuyamaki.DroidOSLauncher.ShellUserService: java.lang.String TAG
com.katsuyamaki.DroidOSLauncher.IShellService$Stub: int TRANSACTION_setScreenOff
com.katsuyamaki.DroidOSLauncher.IShellService$Stub: int TRANSACTION_getWindowLayouts
...
androidx.appcompat.widget.DialogTitle
androidx.viewpager2.adapter.FragmentStateAdapter$5
androidx.lifecycle.SingleGeneratedAdapterObserver
androidx.appcompat.app.AlertController$RecycleListView
androidx.appcompat.widget.Toolbar
androidx.lifecycle.ProcessLifecycleInitializer
androidx.appcompat.widget.FitWindowsFrameLayout
androidx.versionedparcelable.ParcelImpl
com.google.android.gms.common.ErrorDialogFragment
com.google.android.gms.common.api.internal.BasePendingResult
com.google.android.material.transformation.FabTransformationBehavior
com.google.android.material.button.MaterialButtonToggleGroup
androidx.emoji2.text.EmojiCompatInitializer$1
androidx.versionedparcelable.CustomVersionedParcelable
android.support.v4.graphics.drawable.IconCompatParcelizer
com.google.android.gms.common.internal.ReflectedParcelable
androidx.fragment.app.FragmentContainerView
com.google.android.material.appbar.MaterialToolbar
com.google.android.material.internal.NavigationMenuItemView
com.google.android.material.timepicker.ClockFaceView
androidx.fragment.app.Fragment$5
androidx.appcompat.widget.ButtonBarLayout
com.google.android.material.internal.TouchObserverFrameLayout
com.google.android.material.bottomsheet.BottomSheetBehavior
androidx.lifecycle.ProcessLifecycleOwner$attach$1
androidx.startup.InitializationProvider
com.google.android.material.transformation.ExpandableBehavior
rikka.shizuku.ShizukuProvider
com.google.android.gms.common.api.Status
com.google.android.material.internal.NavigationMenuView
androidx.lifecycle.ProcessLifecycleOwner$attach$1$onActivityPreCreated$1
com.google.android.material.bottomappbar.BottomAppBar$Behavior
androidx.constraintlayout.widget.ConstraintLayout
androidx.appcompat.widget.ActionBarContainer
com.google.android.material.transformation.FabTransformationScrimBehavior
com.google.android.material.internal.BaselineLayout
androidx.fragment.app.DialogFragment
com.google.android.material.datepicker.MaterialDatePicker
com.google.android.gms.auth.api.signin.GoogleSignInAccount
com.google.android.material.behavior.SwipeDismissBehavior
androidx.lifecycle.LiveData$LifecycleBoundObserver
com.google.android.material.textfield.TextInputLayout
androidx.loader.app.LoaderManagerImpl$LoaderViewModel
androidx.lifecycle.LegacySavedStateHandleController$OnRecreation
androidx.activity.ComponentActivity$2
com.google.android.gms.dynamite.DynamiteModule$DynamiteLoaderClassLoader
com.google.android.material.search.SearchBar$ScrollingViewBehavior
com.google.android.material.chip.Chip
moe.shizuku.api.BinderContainer
com.google.android.gms.common.api.internal.zzd
androidx.lifecycle.SavedStateHandlesVM
androidx.lifecycle.CompositeGeneratedAdaptersObserver
androidx.appcompat.widget.ActionMenuView
com.android.billingclient.ktx.BuildConfig
com.google.android.material.theme.MaterialComponentsViewInflater
com.android.billingclient.api.ProxyBillingActivity
com.google.android.gms.common.api.GoogleApiActivity
androidx.activity.ComponentActivity$6
com.google.android.material.datepicker.MaterialCalendarGridView
androidx.lifecycle.DefaultLifecycleObserverAdapter
androidx.constraintlayout.widget.Barrier
com.android.billingclient.api.ProxyBillingActivityV2
com.google.android.gms.common.util.DynamiteApi
androidx.lifecycle.ReportFragment$LifecycleCallbacks
com.google.android.material.floatingactionbutton.FloatingActionButton$BaseBehavior
com.google.android.material.timepicker.TimePickerView
androidx.coordinatorlayout.widget.CoordinatorLayout
com.google.android.datatransport.runtime.backends.TransportBackendDiscovery
androidx.lifecycle.LifecycleDispatcher$DispatcherActivityCallback
androidx.customview.view.AbsSavedState: android.os.Parcelable$Creator CREATOR
androidx.recyclerview.widget.StaggeredGridLayoutManager$LazySpanLookup$FullSpanItem: android.os.Parcelable$Creator CREATOR
com.google.android.gms.internal.play_billing.zzlq: com.google.android.gms.internal.play_billing.zzlq zzb