DroidOSLauncher/app/build/outputs/mapping/playRelease/usage.txt
com.katsuyamaki.DroidOSLauncher.ActionOption:
    public final java.lang.String component1()
    public final kotlin.jvm.functions.Function0 component2()
    public final com.katsuyamaki.DroidOSLauncher.ActionOption copy(java.lang.String,kotlin.jvm.functions.Function0)
    public static synthetic com.katsuyamaki.DroidOSLauncher.ActionOption copy$default(com.katsuyamaki.DroidOSLauncher.ActionOption,java.lang.String,kotlin.jvm.functions.Function0,int,java.lang.Object)
com.katsuyamaki.DroidOSLauncher.AppCompatibilityRegistry$Rule:
    public void <init>()
    public synthetic void <init>(java.util.Set,boolean,boolean,boolean,int,kotlin.jvm.internal.DefaultConstructorMarker)
    public final java.util.Set component1()
    public final boolean component2()
    public final boolean component3()
    public final boolean component4()
    public final com.katsuyamaki.DroidOSLauncher.AppCompatibilityRegistry$Rule copy(java.util.Set,boolean,boolean,boolean)
    public static synthetic com.katsuyamaki.DroidOSLauncher.AppCompatibilityRegistry$Rule copy$default(com.katsuyamaki.DroidOSLauncher.AppCompatibilityRegistry$Rule,java.util.Set,boolean,boolean,boolean,int,java.lang.Object)
com.katsuyamaki.DroidOSLauncher.AppPreferences:
    private static final java.lang.String DEFAULT_LEGEND
    private static final java.lang.String KEY_ALLOW_EXTERNAL_BROADCAST_CMDS
    private static final java.lang.String KEY_APP_ICON_THEME
    private static final java.lang.String KEY_AUTO_RESIZE_KEYBOARD
    private static final java.lang.String KEY_AUTO_RESTART_TRACKPAD
    private static final java.lang.String KEY_BLACKLIST
    private static final java.lang.String KEY_BUBBLE_SIZE
    private static final java.lang.String KEY_CUSTOM_APP_ICONS
    private static final java.lang.String KEY_CUSTOM_APP_NAMES
    private static final java.lang.String KEY_CUSTOM_LAYOUTS
    private static final java.lang.String KEY_CUSTOM_RESOLUTION_NAMES
    private static final java.lang.String KEY_DRAWER_HEIGHT
    private static final java.lang.String KEY_DRAWER_WIDTH
    private static final java.lang.String KEY_FAVORITES
    private static final java.lang.String KEY_FONT_SIZE
    private static final java.lang.String KEY_GITHUB_AUTH_EXPIRY_EPOCH
    private static final java.lang.String KEY_GITHUB_AUTH_TOKEN_ID
    private static final java.lang.String KEY_ICON_URI
    private static final java.lang.String KEY_IS_INSTANT_MODE
    private static final java.lang.String KEY_KILL_ON_EXECUTE
    private static final java.lang.String KEY_LAST_CUSTOM_LAYOUT_NAME
    private static final java.lang.String KEY_LAST_LAYOUT
    private static final java.lang.String KEY_LAST_QUEUE
com.katsuyamaki.DroidOSLauncher.BubbleSizeOption:
    public final int component1()
    public final com.katsuyamaki.DroidOSLauncher.BubbleSizeOption copy(int)
    public static synthetic com.katsuyamaki.DroidOSLauncher.BubbleSizeOption copy$default(com.katsuyamaki.DroidOSLauncher.BubbleSizeOption,int,int,java.lang.Object)
com.katsuyamaki.DroidOSLauncher.BuildConfig
com.katsuyamaki.DroidOSLauncher.CommandDef:
    public final java.lang.String component1()
    public final java.lang.String component2()
    public final int component3()
    public final java.lang.String component4()
    public final com.katsuyamaki.DroidOSLauncher.CommandDef copy(java.lang.String,java.lang.String,int,java.lang.String)
    public static synthetic com.katsuyamaki.DroidOSLauncher.CommandDef copy$default(com.katsuyamaki.DroidOSLauncher.CommandDef,java.lang.String,java.lang.String,int,java.lang.String,int,java.lang.Object)
...
com.google.android.gms.dynamite.zzr
com.google.android.gms.internal.base.zaa:
    protected final android.os.Parcel zab(int,android.os.Parcel)
com.google.android.gms.internal.base.zac:
    private void <init>()
com.google.android.gms.internal.base.zad
com.google.android.gms.internal.base.zae
com.google.android.gms.internal.base.zag
com.google.android.gms.internal.base.zah
com.google.android.gms.internal.base.zai
com.google.android.gms.internal.base.zaj
com.google.android.gms.internal.base.zak
com.google.android.gms.internal.base.zal
com.google.android.gms.internal.base.zam
com.google.android.gms.internal.base.zaq
com.google.android.gms.internal.base.zar
com.google.android.gms.internal.base.zas
com.google.android.gms.internal.base.zat
com.google.android.gms.internal.base.zau:
    public void <init>()
com.google.android.gms.internal.base.zav
com.google.android.gms.internal.common.zza:
    protected final void zzC(int,android.os.Parcel)
    protected final void zzD(int,android.os.Parcel)
com.google.android.gms.internal.common.zzaa
com.google.android.gms.internal.common.zzab
com.google.android.gms.internal.common.zzac
com.google.android.gms.internal.common.zzad
com.google.android.gms.internal.common.zzae
com.google.android.gms.internal.common.zzaf
com.google.android.gms.internal.common.zzag
com.google.android.gms.internal.common.zzah
com.google.android.gms.internal.common.zzai
com.google.android.gms.internal.common.zzaj
com.google.android.gms.internal.common.zzak
com.google.android.gms.internal.common.zzc:
    public static final synthetic int zza
    private void <init>()
    public static void zzc(android.os.Parcel,android.os.Parcelable)
    public static void zzd(android.os.Parcel,android.os.Parcelable)
    public static boolean zzf(android.os.Parcel)
com.google.android.gms.internal.common.zze
com.google.android.gms.internal.common.zzf
com.google.android.gms.internal.common.zzg
com.google.android.gms.internal.common.zzh
com.google.android.gms.internal.common.zzi:
    public void <init>()
com.google.android.gms.internal.common.zzj
com.google.android.gms.internal.common.zzk
com.google.android.gms.internal.common.zzl
com.google.android.gms.internal.common.zzm
com.google.android.gms.internal.common.zzn
com.google.android.gms.internal.common.zzo
com.google.android.gms.internal.common.zzp
com.google.android.gms.internal.common.zzq
com.google.android.gms.internal.common.zzr
com.google.android.gms.internal.common.zzs
com.google.android.gms.internal.common.zzt
com.google.android.gms.internal.common.zzu
com.google.android.gms.internal.common.zzv
com.google.android.gms.internal.common.zzw
com.google.android.gms.internal.common.zzx
com.google.android.gms.internal.common.zzy
com.google.android.gms.internal.common.zzz
com.google.android.gms.internal.location.zza
com.google.android.gms.internal.location.zzaa
com.google.android.gms.internal.location.zzab
com.google.android.gms.internal.location.zzac
com.google.android.gms.internal.location.zzad
com.google.android.gms.internal.location.zzae
com.google.android.gms.internal.location.zzaf
com.google.android.gms.internal.location.zzag
com.google.android.gms.internal.location.zzah
com.google.android.gms.internal.location.zzai
com.google.android.gms.internal.location.zzaj
com.google.android.gms.internal.location.zzak
com.google.android.gms.internal.location.zzal
com.google.android.gms.internal.location.zzam
com.google.android.gms.internal.location.zzan
com.google.android.gms.internal.location.zzao
com.google.android.gms.internal.location.zzap
com.google.android.gms.internal.location.zzaq
com.google.android.gms.internal.location.zzar
com.google.android.gms.internal.location.zzas
com.google.android.gms.internal.location.zzat
com.google.android.gms.internal.location.zzau
com.google.android.gms.internal.location.zzav
com.google.android.gms.internal.location.zzaw
com.google.android.gms.internal.location.zzax
com.google.android.gms.internal.location.zzay
com.google.android.gms.internal.location.zzaz